<?xml version="1.0" encoding="UTF-8" standalone="no"?>
<!DOCTYPE log SYSTEM "logger.dtd">
<log>
<record>
  <date>2025-06-25T09:33:52.790-0300</date>
  <logger>JOSE RYAN SANTOS DE MELO</logger>
  <level>FINE</level>
  <message>File 124110896-JOSE RYAN SANTOS DE MELO.zip was received. It was sent by JOSE RYAN SANTOS DE MELO from IP 150.165.42.144 at 25-06-2025 09*33*52</message>
</record>
</log>
<?xml version="1.0" encoding="UTF-8" standalone="no"?>
<!DOCTYPE log SYSTEM "logger.dtd">
<log>
<record>
  <date>2025-06-25T17:37:10.027-0300</date>
  <logger>JOSE RYAN SANTOS DE MELO</logger>
  <level>FINE</level>
  <message>File 124110896-JOSE RYAN SANTOS DE MELO.zip was received. It was sent by JOSE RYAN SANTOS DE MELO from IP 150.165.74.24 at 25-06-2025 17*37*10</message>
</record>
</log>
<?xml version="1.0" encoding="UTF-8" standalone="no"?>
<!DOCTYPE log SYSTEM "logger.dtd">
<log>
<record>
  <date>2025-06-26T07:55:50.270-0300</date>
  <logger>JOSE RYAN SANTOS DE MELO</logger>
  <level>FINE</level>
  <message>File 124110896-JOSE RYAN SANTOS DE MELO.zip was received. It was sent by JOSE RYAN SANTOS DE MELO from IP 150.165.74.91 at 26-06-2025 07*55*50</message>
</record>
</log>
<?xml version="1.0" encoding="UTF-8" standalone="no"?>
<!DOCTYPE log SYSTEM "logger.dtd">
<log>
<record>
  <date>2025-06-27T11:08:36.754-0300</date>
  <logger>JOSE RYAN SANTOS DE MELO</logger>
  <level>FINE</level>
  <message>File 124110896-JOSE RYAN SANTOS DE MELO.zip was received. It was sent by JOSE RYAN SANTOS DE MELO from IP 150.165.42.101 at 27-06-2025 11*08*36</message>
</record>
</log>
<?xml version="1.0" encoding="UTF-8" standalone="no"?>
<!DOCTYPE log SYSTEM "logger.dtd">
<log>
<record>
  <date>2025-06-27T14:51:01.583-0300</date>
  <logger>JOSE RYAN SANTOS DE MELO</logger>
  <level>FINE</level>
  <message>File 124110896-JOSE RYAN SANTOS DE MELO.zip was received. It was sent by JOSE RYAN SANTOS DE MELO from IP 150.165.74.91 at 27-06-2025 14*51*01</message>
</record>
</log>
<?xml version="1.0" encoding="UTF-8" standalone="no"?>
<!DOCTYPE log SYSTEM "logger.dtd">
<log>
<record>
  <date>2025-06-27T14:51:20.448-0300</date>
  <logger>JOSE RYAN SANTOS DE MELO</logger>
  <level>FINE</level>
  <message>File 124110896-JOSE RYAN SANTOS DE MELO.zip was received. It was sent by JOSE RYAN SANTOS DE MELO from IP 150.165.74.91 at 27-06-2025 14*51*20</message>
</record>
